Removed Pin From Net: NetName=GND Pin=C6-1
Removed Pin From Net: NetName=VREF_TGT Pin=C6-2
Removed Pin From Net: NetName=GND Pin=U3-3
Removed Pin From Net: NetName=TxD Pin=U3-4
Removed Pin From Net: NetName=VREF_TGT Pin=U3-5
Removed Pin From Net: NetName=FTDI_RESET Pin=U4-1
Removed Pin From Net: NetName=\DTRRTS Pin=U4-2
Removed Pin From Net: NetName=GND Pin=U4-3
Removed Pin From Net: NetName=\RESET Pin=U4-4
Removed Pin From Net: NetName=VREF_TGT Pin=U4-5
Removed Member From Class: ClassName=FTDI_INT Member=C6
Removed Member From Class: ClassName=FTDI_INT Member=U4
Change Component Footprint: Designator=U3 Old Footprint=SOT353 New Footprint=DCU-8
Change Component Comment : Designator=U3 Old Comment=Buffer New Comment=Dual Bus Buffer Gate
Change component parameters: Designator = "U3" ("U3"); Footprint = "SOT353"; UniqueID = "\OOUNWCUD\QZLWJVHM" ("\OOUNWCUD\QZLWJVHM")
Change component parameters (AddParameter): Name = "ComponentLink1Description"; Value = "Manufacturer Website"; VariantName = "[No Variations]"
Change component parameters (AddParameter): Name = "ComponentLink1URL"; Value = "http://www.ti.com"; VariantName = "[No Variations]"
Change component parameters (AddParameter): Name = "ComponentLink2Description"; Value = "Component Datasheet"; VariantName = "[No Variations]"
Change component parameters (AddParameter): Name = "ComponentLink2URL"; Value = "http://www.ti.com/lit/ds/symlink/sn74lvc2g126.pdf?HQS=TI-null-null-digikeymode-df-pf-null-wwe&ts=1591325427184"; VariantName = "[No Variations]"
Change component parameters (AddParameter): Name = "ComponentLink3Description"; Value = "Octopart Link"; VariantName = "[No Variations]"
Change component parameters (AddParameter): Name = "ComponentLink3URL"; Value = "#https://octopart.com/sn74lvc2g126dcut-texas+instruments-2328158?r=sp#"; VariantName = "[No Variations]"
Change component parameters (AddParameter): Name = "Description in Visual"; Value = "Logic IC SMT Dual Buffer Gate VSSOP-8"; VariantName = "[No Variations]"
Change component parameters (AddParameter): Name = "Manufacturer"; Value = "Texas Instruments"; VariantName = "[No Variations]"
Change component parameters (AddParameter): Name = "Manufacturer P/N"; Value = "SN74LVC2G126DCU"; VariantName = "[No Variations]"
Change component parameters (AddParameter): Name = "Number of Gate Inputs"; Value = "2"; VariantName = "[No Variations]"
Change component parameters (AddParameter): Name = "Number of Gates"; Value = "2"; VariantName = "[No Variations]"
Change component parameters (AddParameter): Name = "P/N"; Value = "SN74LVC2G126"; VariantName = "[No Variations]"
Change component parameters (AddParameter): Name = "PCB Package"; Value = "VSSOP-8"; VariantName = "[No Variations]"
Change component parameters (AddParameter): Name = "Supplier 1"; Value = "Digi-Key"; VariantName = "[No Variations]"
Change component parameters (AddParameter): Name = "Supplier 2"; Value = "Digi-Key"; VariantName = "[No Variations]"
Change component parameters (AddParameter): Name = "Supplier Part Number 1"; Value = "296-12555-1-ND"; VariantName = "[No Variations]"
Change component parameters (AddParameter): Name = "Supplier Part Number 2"; Value = "296-32321-1-ND"; VariantName = "[No Variations]"
Change component parameters (AddParameter): Name = "Temp Range"; Value = "-40 to +85 °C"; VariantName = "[No Variations]"
Change component parameters (AddParameter): Name = "Type"; Value = "Buffer"; VariantName = "[No Variations]"
Change component parameters (AddParameter): Name = "Vs (max) (V)"; Value = "5.5"; VariantName = "[No Variations]"
Change component parameters (AddParameter): Name = "Vs (min) (V)"; Value = "1.65"; VariantName = "[No Variations]"
Added Pin To Net: NetName=\RESET Pin=U3-3
Added Pin To Net: NetName=GND Pin=U3-4
Added Pin To Net: NetName=\DTRRTS Pin=U3-5
Added Pin To Net: NetName=TxD Pin=U3-6
Added Pin To Net: NetName=FTDI_RESET Pin=U3-7
Added Pin To Net: NetName=VREF_TGT Pin=U3-8
Added Room: Name=FTDI_INT
