Added Component: Designator=C4(0603_CAP)
Add component (AddParameter): Name = "ComponentLink1Description"; Value = "Manufacturer Website"; VariantName = "[No Variations]"
Add component (AddParameter): Name = "ComponentLink2Description"; Value = "Component Datasheet"; VariantName = "[No Variations]"
Add component (AddParameter): Name = "ComponentLink3Description"; Value = "Octopart Link"; VariantName = "[No Variations]"
Add component (AddParameter): Name = "Description in Visual"; Value = "Cap SMT 0603 0.01UF 16V 10%  Cer X7R"; VariantName = "[No Variations]"
Add component (AddParameter): Name = "Manufacturer"; Value = "Various"; VariantName = "[No Variations]"
Add component (AddParameter): Name = "Manufacturer P/N"; Value = "Various"; VariantName = "[No Variations]"
Add component (AddParameter): Name = "P/N"; Value = "CAP 0603 0.01UF 16V 10% X7R"; VariantName = "[No Variations]"
Add component (AddParameter): Name = "PCB Package"; Value = "0603"; VariantName = "[No Variations]"
Add component (AddParameter): Name = "Tolerance"; Value = "10%"; VariantName = "[No Variations]"
Add component (AddParameter): Name = "Type"; Value = "Ceramic X7R"; VariantName = "[No Variations]"
Add component (AddParameter): Name = "Val"; Value = "0.01UF"; VariantName = "[No Variations]"
Add component (AddParameter): Name = "Value"; Value = "0.01UF"; VariantName = "[No Variations]"
Add component (AddParameter): Name = "Vol"; Value = "16V"; VariantName = "[No Variations]"
Add component (AddParameter): Name = "Voltage"; Value = "16V"; VariantName = "[No Variations]"
Added Component: Designator=C5(0603_CAP)
Add component (AddParameter): Name = "ComponentLink1Description"; Value = "Manufacturer Website"; VariantName = "[No Variations]"
Add component (AddParameter): Name = "ComponentLink2Description"; Value = "Component Datasheet"; VariantName = "[No Variations]"
Add component (AddParameter): Name = "ComponentLink3Description"; Value = "Octopart Link"; VariantName = "[No Variations]"
Add component (AddParameter): Name = "Description in Visual"; Value = "Cap SMT 0603 0.01UF 16V 10%  Cer X7R"; VariantName = "[No Variations]"
Add component (AddParameter): Name = "Manufacturer"; Value = "Various"; VariantName = "[No Variations]"
Add component (AddParameter): Name = "Manufacturer P/N"; Value = "Various"; VariantName = "[No Variations]"
Add component (AddParameter): Name = "P/N"; Value = "CAP 0603 0.01UF 16V 10% X7R"; VariantName = "[No Variations]"
Add component (AddParameter): Name = "PCB Package"; Value = "0603"; VariantName = "[No Variations]"
Add component (AddParameter): Name = "Tolerance"; Value = "10%"; VariantName = "[No Variations]"
Add component (AddParameter): Name = "Type"; Value = "Ceramic X7R"; VariantName = "[No Variations]"
Add component (AddParameter): Name = "Val"; Value = "0.01UF"; VariantName = "[No Variations]"
Add component (AddParameter): Name = "Value"; Value = "0.01UF"; VariantName = "[No Variations]"
Add component (AddParameter): Name = "Vol"; Value = "16V"; VariantName = "[No Variations]"
Add component (AddParameter): Name = "Voltage"; Value = "16V"; VariantName = "[No Variations]"
Added Component: Designator=C6(0603_CAP)
Add component (AddParameter): Name = "ComponentLink1Description"; Value = "Manufacturer Website"; VariantName = "[No Variations]"
Add component (AddParameter): Name = "ComponentLink2Description"; Value = "Component Datasheet"; VariantName = "[No Variations]"
Add component (AddParameter): Name = "ComponentLink3Description"; Value = "Octopart Link"; VariantName = "[No Variations]"
Add component (AddParameter): Name = "Description in Visual"; Value = "Cap SMT 0603 0.01UF 16V 10%  Cer X7R"; VariantName = "[No Variations]"
Add component (AddParameter): Name = "Manufacturer"; Value = "Various"; VariantName = "[No Variations]"
Add component (AddParameter): Name = "Manufacturer P/N"; Value = "Various"; VariantName = "[No Variations]"
Add component (AddParameter): Name = "P/N"; Value = "CAP 0603 0.01UF 16V 10% X7R"; VariantName = "[No Variations]"
Add component (AddParameter): Name = "PCB Package"; Value = "0603"; VariantName = "[No Variations]"
Add component (AddParameter): Name = "Tolerance"; Value = "10%"; VariantName = "[No Variations]"
Add component (AddParameter): Name = "Type"; Value = "Ceramic X7R"; VariantName = "[No Variations]"
Add component (AddParameter): Name = "Val"; Value = "0.01UF"; VariantName = "[No Variations]"
Add component (AddParameter): Name = "Value"; Value = "0.01UF"; VariantName = "[No Variations]"
Add component (AddParameter): Name = "Vol"; Value = "16V"; VariantName = "[No Variations]"
Add component (AddParameter): Name = "Voltage"; Value = "16V"; VariantName = "[No Variations]"
Added Component: Designator=D3(SM0805AC)
Add component (AddParameter): Name = "Color"; Value = "Amber"; VariantName = "[No Variations]"
Add component (AddParameter): Name = "ComponentLink1Description"; Value = "Manufacturer Website"; VariantName = "[No Variations]"
Add component (AddParameter): Name = "ComponentLink1URL"; Value = "#https://www.bivar.com/#"; VariantName = "[No Variations]"
Add component (AddParameter): Name = "ComponentLink2Description"; Value = "Component Datasheet"; VariantName = "[No Variations]"
Add component (AddParameter): Name = "ComponentLink2URL"; Value = "https://www.bivar.com/parts_content/Datasheets/SM0805AC.pdf"; VariantName = "[No Variations]"
Add component (AddParameter): Name = "ComponentLink3Description"; Value = "Octopart Link"; VariantName = "[No Variations]"
Add component (AddParameter): Name = "ComponentLink3URL"; Value = "#https://octopart.com/sm0805ac-bivar-5838577?r=sp#Specs"; VariantName = "[No Variations]"
Add component (AddParameter): Name = "Configuration"; Value = "Single"; VariantName = "[No Variations]"
Add component (AddParameter): Name = "Description in Visual"; Value = "Amber 607nm LED Indication - Discrete 2V 0805 (2012 Metric)"; VariantName = "[No Variations]"
Add component (AddParameter): Name = "Lens Style"; Value = "Square"; VariantName = "[No Variations]"
Add component (AddParameter): Name = "Lens Type"; Value = "Clear"; VariantName = "[No Variations]"
Add component (AddParameter): Name = "Manufacturer"; Value = "Bivar"; VariantName = "[No Variations]"
Add component (AddParameter): Name = "Manufacturer P/N"; Value = "SM0805AC"; VariantName = "[No Variations]"
Add component (AddParameter): Name = "Millicandela Rating"; Value = "6mcd"; VariantName = "[No Variations]"
Add component (AddParameter): Name = "P/N"; Value = "SM0805AC"; VariantName = "[No Variations]"
Add component (AddParameter): Name = "Package Class"; Value = "Surface Mount"; VariantName = "[No Variations]"
Add component (AddParameter): Name = "PCB Package"; Value = "0805"; VariantName = "[No Variations]"
Add component (AddParameter): Name = "Test Current"; Value = "20mA"; VariantName = "[No Variations]"
Add component (AddParameter): Name = "Viewing Angle"; Value = "130°"; VariantName = "[No Variations]"
Add component (AddParameter): Name = "Voltage Rating"; Value = "2"; VariantName = "[No Variations]"
Add component (AddParameter): Name = "Wavelength"; Value = "607nm"; VariantName = "[No Variations]"
Added Component: Designator=J2(FTSH-107-01-F-DV-K)
Add component (AddParameter): Name = "ComponentLink1Description"; Value = "Pinout Reference"; VariantName = "[No Variations]"
Add component (AddParameter): Name = "ComponentLink1URL"; Value = "https://www.st.com/resource/en/user_manual/dm00526767-stlinkv3set-debuggerprogrammer-for-stm8-and-stm32-stmicroelectronics.pdf"; VariantName = "[No Variations]"
Add component (AddParameter): Name = "ComponentLink2Description"; Value = "Datasheet for Connector"; VariantName = "[No Variations]"
Add component (AddParameter): Name = "ComponentLink2URL"; Value = "http://suddendocs.samtec.com/catalog_english/ftsh_smt.pdf"; VariantName = "[No Variations]"
Add component (AddParameter): Name = "Contact Finish"; Value = "Gold"; VariantName = "[No Variations]"
Add component (AddParameter): Name = "Description in Visual"; Value = "STDC14 Debug Connector (ST Micro extension to the Cortex 10 Pin), 0.050" (1.27mm) Pitch"; VariantName = "[No Variations]"
Add component (AddParameter): Name = "Gender"; Value = "Male"; VariantName = "[No Variations]"
Add component (AddParameter): Name = "Manufacturer"; Value = "Samtec"; VariantName = "[No Variations]"
Add component (AddParameter): Name = "Manufacturer P/N"; Value = "FTSH-107-01-F-DV-K"; VariantName = "[No Variations]"
Add component (AddParameter): Name = "Number of Contacts"; Value = "14"; VariantName = "[No Variations]"
Add component (AddParameter): Name = "Number of Rows"; Value = "2"; VariantName = "[No Variations]"
Add component (AddParameter): Name = "Orientation"; Value = "Vertical"; VariantName = "[No Variations]"
Add component (AddParameter): Name = "P/N"; Value = "STDC14-Debug"; VariantName = "[No Variations]"
Add component (AddParameter): Name = "Pitch"; Value = "0.050""; VariantName = "[No Variations]"
Add component (AddParameter): Name = "Supplier 1"; Value = "Digi-Key"; VariantName = "[No Variations]"
Add component (AddParameter): Name = "Supplier 2"; Value = "Digi-Key"; VariantName = "[No Variations]"
Add component (AddParameter): Name = "Supplier 3"; Value = "Digi-Key"; VariantName = "[No Variations]"
Add component (AddParameter): Name = "Supplier Part Number 1"; Value = "SAM13170TR-ND"; VariantName = "[No Variations]"
Add component (AddParameter): Name = "Supplier Part Number 2"; Value = "612-FTSH-107-01-F-DV-K-ND"; VariantName = "[No Variations]"
Add component (AddParameter): Name = "Supplier Part Number 3"; Value = "FTSH-107-01-F-DV-K-P-ND"; VariantName = "[No Variations]"
Added Component: Designator=J3(70543-0109)
Add component (AddParameter): Name = "ComponentLink1Description"; Value = "Manufacturer Website"; VariantName = "[No Variations]"
Add component (AddParameter): Name = "ComponentLink1URL"; Value = "http://www.molex.com"; VariantName = "[No Variations]"
Add component (AddParameter): Name = "ComponentLink2Description"; Value = "Component Datasheet"; VariantName = "[No Variations]"
Add component (AddParameter): Name = "ComponentLink2URL"; Value = "http://www.molex.com/pdm_docs/sd/705430106_sd.pdf"; VariantName = "[No Variations]"
Add component (AddParameter): Name = "ComponentLink3Description"; Value = "Octopart Link"; VariantName = "[No Variations]"
Add component (AddParameter): Name = "ComponentLink3URL"; Value = "http://octopart.com/partsearch/#search/requestData&q=70543-0109"; VariantName = "[No Variations]"
Add component (AddParameter): Name = "ComponentLink4Description"; Value = "Product Page"; VariantName = "[No Variations]"
Add component (AddParameter): Name = "ComponentLink4URL"; Value = "http://www.molex.com/molex/products/datasheet.jsp?part=active/0705430109_PCB_HEADERS.xml"; VariantName = "[No Variations]"
Add component (AddParameter): Name = "Contact Finish"; Value = "0.76um Gold"; VariantName = "[No Variations]"
Add component (AddParameter): Name = "Description in Visual"; Value = "Con Hdr Male 5contacts vertical 1X5"; VariantName = "[No Variations]"
Add component (AddParameter): Name = "Gender"; Value = "Male"; VariantName = "[No Variations]"
Add component (AddParameter): Name = "Manufacturer"; Value = "Molex"; VariantName = "[No Variations]"
Add component (AddParameter): Name = "Manufacturer P/N"; Value = "70543-0109"; VariantName = "[No Variations]"
Add component (AddParameter): Name = "Number of Contacts"; Value = "5"; VariantName = "[No Variations]"
Add component (AddParameter): Name = "Number of Rows"; Value = "1.00"; VariantName = "[No Variations]"
Add component (AddParameter): Name = "Options"; Value = "shrouded with latch"; VariantName = "[No Variations]"
Add component (AddParameter): Name = "Orientation"; Value = "vertical"; VariantName = "[No Variations]"
Add component (AddParameter): Name = "P/N"; Value = "70543-0109"; VariantName = "[No Variations]"
Add component (AddParameter): Name = "PCB Package"; Value = "NON-STD TH"; VariantName = "[No Variations]"
Add component (AddParameter): Name = "Pitch"; Value = "0.100in"; VariantName = "[No Variations]"
Add component (AddParameter): Name = "Supplier 1"; Value = "Digi-Key"; VariantName = "[No Variations]"
Add component (AddParameter): Name = "Supplier Part Number 1"; Value = "WM4125-ND"; VariantName = "[No Variations]"
Added Component: Designator=J4(FTDI_6_HDR_TTL-232R)
Add component (AddParameter): Name = "ComponentLink1Description"; Value = "Pinout Reference"; VariantName = "[No Variations]"
Add component (AddParameter): Name = "ComponentLink1URL"; Value = "https://www.ftdichip.com/Support/Documents/DataSheets/Cables/DS_TTL-232R_CABLES.pdf"; VariantName = "[No Variations]"
Add component (AddParameter): Name = "ComponentLink2Description"; Value = "Datasheet for Connector"; VariantName = "[No Variations]"
Add component (AddParameter): Name = "ComponentLink2URL"; Value = "http://www.adam-tech.com/downloader.php?p=PH1-XX-UA.pdf"; VariantName = "[No Variations]"
Add component (AddParameter): Name = "Contact Finish"; Value = "Gold"; VariantName = "[No Variations]"
Add component (AddParameter): Name = "Description in Visual"; Value = "Connector Header Through Hole 6 position 0.100" (2.54mm)"; VariantName = "[No Variations]"
Add component (AddParameter): Name = "Gender"; Value = "Male"; VariantName = "[No Variations]"
Add component (AddParameter): Name = "Manufacturer"; Value = "Generic"; VariantName = "[No Variations]"
Add component (AddParameter): Name = "Manufacturer P/N"; Value = "Various"; VariantName = "[No Variations]"
Add component (AddParameter): Name = "Number of Contacts"; Value = "6"; VariantName = "[No Variations]"
Add component (AddParameter): Name = "Number of Rows"; Value = "1"; VariantName = "[No Variations]"
Add component (AddParameter): Name = "Orientation"; Value = "Vertical"; VariantName = "[No Variations]"
Add component (AddParameter): Name = "P/N"; Value = "FTDI_TTL_6PIN"; VariantName = "[No Variations]"
Add component (AddParameter): Name = "Pitch"; Value = "0.100""; VariantName = "[No Variations]"
Add component (AddParameter): Name = "Supplier 1"; Value = "Digi-Key"; VariantName = "[No Variations]"
Add component (AddParameter): Name = "Supplier 2"; Value = "Digi-Key"; VariantName = "[No Variations]"
Add component (AddParameter): Name = "Supplier Part Number 1"; Value = "2057-PH1-06-UA-ND"; VariantName = "[No Variations]"
Add component (AddParameter): Name = "Supplier Part Number 2"; Value = "732-5319-ND"; VariantName = "[No Variations]"
Added Component: Designator=R6(0603_RES)
Add component (AddParameter): Name = "Description in Visual"; Value = "Res SMT 68 0603  1%  0.1W"; VariantName = "[No Variations]"
Add component (AddParameter): Name = "Manufacturer"; Value = "Various"; VariantName = "[No Variations]"
Add component (AddParameter): Name = "Manufacturer P/N"; Value = "Various"; VariantName = "[No Variations]"
Add component (AddParameter): Name = "P/N"; Value = "RES 0603 68 1%"; VariantName = "[No Variations]"
Add component (AddParameter): Name = "PCB Package"; Value = "0603"; VariantName = "[No Variations]"
Add component (AddParameter): Name = "Power_Rating"; Value = "0.1W"; VariantName = "[No Variations]"
Add component (AddParameter): Name = "Tol"; Value = "1%"; VariantName = "[No Variations]"
Add component (AddParameter): Name = "Tolerance"; Value = "1%"; VariantName = "[No Variations]"
Add component (AddParameter): Name = "Val"; Value = "68"; VariantName = "[No Variations]"
Add component (AddParameter): Name = "Value"; Value = "68"; VariantName = "[No Variations]"
Added Component: Designator=R7(0603_RES)
Add component (AddParameter): Name = "Description in Visual"; Value = "Res SMT 10K 0603  1%  0.1W"; VariantName = "[No Variations]"
Add component (AddParameter): Name = "Manufacturer"; Value = "Various"; VariantName = "[No Variations]"
Add component (AddParameter): Name = "Manufacturer P/N"; Value = "Various"; VariantName = "[No Variations]"
Add component (AddParameter): Name = "P/N"; Value = "RES 0603 10K 1%"; VariantName = "[No Variations]"
Add component (AddParameter): Name = "PCB Package"; Value = "0603"; VariantName = "[No Variations]"
Add component (AddParameter): Name = "Power_Rating"; Value = "0.1W"; VariantName = "[No Variations]"
Add component (AddParameter): Name = "Supplier 1"; Value = "Digi-Key"; VariantName = "[No Variations]"
Add component (AddParameter): Name = "Supplier 2"; Value = "Digi-Key"; VariantName = "[No Variations]"
Add component (AddParameter): Name = "Supplier 3"; Value = "Newark"; VariantName = "[No Variations]"
Add component (AddParameter): Name = "Supplier 4"; Value = "Digi-Key"; VariantName = "[No Variations]"
Add component (AddParameter): Name = "Supplier Part Number 1"; Value = "P10.0KHCT-ND"; VariantName = "[No Variations]"
Add component (AddParameter): Name = "Supplier Part Number 2"; Value = "541-10.0KHCT-ND"; VariantName = "[No Variations]"
Add component (AddParameter): Name = "Supplier Part Number 3"; Value = "68R0128"; VariantName = "[No Variations]"
Add component (AddParameter): Name = "Supplier Part Number 4"; Value = "A106048CT-ND"; VariantName = "[No Variations]"
Add component (AddParameter): Name = "Tol"; Value = "1%"; VariantName = "[No Variations]"
Add component (AddParameter): Name = "Tolerance"; Value = "1%"; VariantName = "[No Variations]"
Add component (AddParameter): Name = "Val"; Value = "10K"; VariantName = "[No Variations]"
Add component (AddParameter): Name = "Value"; Value = "10K"; VariantName = "[No Variations]"
Added Component: Designator=R8(0603_RES)
Add component (AddParameter): Name = "Description in Visual"; Value = "Res SMT 10K 0603  1%  0.1W"; VariantName = "[No Variations]"
Add component (AddParameter): Name = "Manufacturer"; Value = "Various"; VariantName = "[No Variations]"
Add component (AddParameter): Name = "Manufacturer P/N"; Value = "Various"; VariantName = "[No Variations]"
Add component (AddParameter): Name = "P/N"; Value = "RES 0603 10K 1%"; VariantName = "[No Variations]"
Add component (AddParameter): Name = "PCB Package"; Value = "0603"; VariantName = "[No Variations]"
Add component (AddParameter): Name = "Power_Rating"; Value = "0.1W"; VariantName = "[No Variations]"
Add component (AddParameter): Name = "Supplier 1"; Value = "Digi-Key"; VariantName = "[No Variations]"
Add component (AddParameter): Name = "Supplier 2"; Value = "Digi-Key"; VariantName = "[No Variations]"
Add component (AddParameter): Name = "Supplier 3"; Value = "Newark"; VariantName = "[No Variations]"
Add component (AddParameter): Name = "Supplier 4"; Value = "Digi-Key"; VariantName = "[No Variations]"
Add component (AddParameter): Name = "Supplier Part Number 1"; Value = "P10.0KHCT-ND"; VariantName = "[No Variations]"
Add component (AddParameter): Name = "Supplier Part Number 2"; Value = "541-10.0KHCT-ND"; VariantName = "[No Variations]"
Add component (AddParameter): Name = "Supplier Part Number 3"; Value = "68R0128"; VariantName = "[No Variations]"
Add component (AddParameter): Name = "Supplier Part Number 4"; Value = "A106048CT-ND"; VariantName = "[No Variations]"
Add component (AddParameter): Name = "Tol"; Value = "1%"; VariantName = "[No Variations]"
Add component (AddParameter): Name = "Tolerance"; Value = "1%"; VariantName = "[No Variations]"
Add component (AddParameter): Name = "Val"; Value = "10K"; VariantName = "[No Variations]"
Add component (AddParameter): Name = "Value"; Value = "10K"; VariantName = "[No Variations]"
Added Component: Designator=R9(0603_RES)
Add component (AddParameter): Name = "Description in Visual"; Value = "Res SMT 1K 0603  1%  0.1W"; VariantName = "[No Variations]"
Add component (AddParameter): Name = "Manufacturer"; Value = "Various"; VariantName = "[No Variations]"
Add component (AddParameter): Name = "Manufacturer P/N"; Value = "Various"; VariantName = "[No Variations]"
Add component (AddParameter): Name = "P/N"; Value = "RES 0603 1K 1%"; VariantName = "[No Variations]"
Add component (AddParameter): Name = "PCB Package"; Value = "0603"; VariantName = "[No Variations]"
Add component (AddParameter): Name = "Power_Rating"; Value = "0.1W"; VariantName = "[No Variations]"
Add component (AddParameter): Name = "Supplier 1"; Value = "Digi-Key"; VariantName = "[No Variations]"
Add component (AddParameter): Name = "Supplier 2"; Value = "Digi-Key"; VariantName = "[No Variations]"
Add component (AddParameter): Name = "Supplier 3"; Value = "RSComponents"; VariantName = "[No Variations]"
Add component (AddParameter): Name = "Supplier 4"; Value = "Digi-Key"; VariantName = "[No Variations]"
Add component (AddParameter): Name = "Supplier Part Number 1"; Value = "2019-RK73H1JTTD1001FCT-ND"; VariantName = "[No Variations]"
Add component (AddParameter): Name = "Supplier Part Number 2"; Value = "541-1166-1-ND"; VariantName = "[No Variations]"
Add component (AddParameter): Name = "Supplier Part Number 3"; Value = "1051155"; VariantName = "[No Variations]"
Add component (AddParameter): Name = "Supplier Part Number 4"; Value = "311-1.00KHRCT-ND"; VariantName = "[No Variations]"
Add component (AddParameter): Name = "Tol"; Value = "1%"; VariantName = "[No Variations]"
Add component (AddParameter): Name = "Tolerance"; Value = "1%"; VariantName = "[No Variations]"
Add component (AddParameter): Name = "Val"; Value = "1K"; VariantName = "[No Variations]"
Add component (AddParameter): Name = "Value"; Value = "1K"; VariantName = "[No Variations]"
Added Component: Designator=R10(0603_RES)
Add component (AddParameter): Name = "Description in Visual"; Value = "Res SMT 10K 0603  1%  0.1W"; VariantName = "[No Variations]"
Add component (AddParameter): Name = "Manufacturer"; Value = "Various"; VariantName = "[No Variations]"
Add component (AddParameter): Name = "Manufacturer P/N"; Value = "Various"; VariantName = "[No Variations]"
Add component (AddParameter): Name = "P/N"; Value = "RES 0603 10K 1%"; VariantName = "[No Variations]"
Add component (AddParameter): Name = "PCB Package"; Value = "0603"; VariantName = "[No Variations]"
Add component (AddParameter): Name = "Power_Rating"; Value = "0.1W"; VariantName = "[No Variations]"
Add component (AddParameter): Name = "Supplier 1"; Value = "Digi-Key"; VariantName = "[No Variations]"
Add component (AddParameter): Name = "Supplier 2"; Value = "Digi-Key"; VariantName = "[No Variations]"
Add component (AddParameter): Name = "Supplier 3"; Value = "Newark"; VariantName = "[No Variations]"
Add component (AddParameter): Name = "Supplier 4"; Value = "Digi-Key"; VariantName = "[No Variations]"
Add component (AddParameter): Name = "Supplier Part Number 1"; Value = "P10.0KHCT-ND"; VariantName = "[No Variations]"
Add component (AddParameter): Name = "Supplier Part Number 2"; Value = "541-10.0KHCT-ND"; VariantName = "[No Variations]"
Add component (AddParameter): Name = "Supplier Part Number 3"; Value = "68R0128"; VariantName = "[No Variations]"
Add component (AddParameter): Name = "Supplier Part Number 4"; Value = "A106048CT-ND"; VariantName = "[No Variations]"
Add component (AddParameter): Name = "Tol"; Value = "1%"; VariantName = "[No Variations]"
Add component (AddParameter): Name = "Tolerance"; Value = "1%"; VariantName = "[No Variations]"
Add component (AddParameter): Name = "Val"; Value = "10K"; VariantName = "[No Variations]"
Add component (AddParameter): Name = "Value"; Value = "10K"; VariantName = "[No Variations]"
Added Component: Designator=SW2(CHS-02TA)
Add component (AddParameter): Name = "Actuator Height"; Value = "Recessed"; VariantName = "[No Variations]"
Add component (AddParameter): Name = "ComponentLink1Description"; Value = "Manufacturer's Website"; VariantName = "[No Variations]"
Add component (AddParameter): Name = "ComponentLink2Description"; Value = "Component Datasheet"; VariantName = "[No Variations]"
Add component (AddParameter): Name = "ComponentLink4Description"; Value = "Octopart Link"; VariantName = "[No Variations]"
Add component (AddParameter): Name = "Contact Material"; Value = "Copper Alloy"; VariantName = "[No Variations]"
Add component (AddParameter): Name = "Electrical Life"; Value = "2000 Cycles"; VariantName = "[No Variations]"
Add component (AddParameter): Name = "Manufacturer"; Value = "Nidec Copal Electronics"; VariantName = "[No Variations]"
Add component (AddParameter): Name = "Manufacturer Part Number"; Value = "CHS-02TA"; VariantName = "[No Variations]"
Add component (AddParameter): Name = "Mounting Style"; Value = "SMD J-Lead"; VariantName = "[No Variations]"
Add component (AddParameter): Name = "Number of Switches"; Value = "2"; VariantName = "[No Variations]"
Add component (AddParameter): Name = "P/N"; Value = "CHS-02TA"; VariantName = "[No Variations]"
Add component (AddParameter): Name = "Rated Current (A)"; Value = "100mA"; VariantName = "[No Variations]"
Add component (AddParameter): Name = "Rated Voltage (V)"; Value = "6VDC"; VariantName = "[No Variations]"
Add component (AddParameter): Name = "Supplier 1"; Value = "Digi-Key"; VariantName = "[No Variations]"
Add component (AddParameter): Name = "Supplier Part Number 1"; Value = "563-1005-1-ND"; VariantName = "[No Variations]"
Add component (AddParameter): Name = "Switch Function"; Value = "Off-On"; VariantName = "[No Variations]"
Add component (AddParameter): Name = "Temperature Range"; Value = "-40°C ~ 85°C"; VariantName = "[No Variations]"
Add component (AddParameter): Name = "Throw Configuration"; Value = "2xSPST"; VariantName = "[No Variations]"
Add component (AddParameter): Name = "Type"; Value = "DIP"; VariantName = "[No Variations]"
Added Component: Designator=U2(SOT353)
Add component (AddParameter): Name = "ComponentLink1Description"; Value = "Manufacturer Website"; VariantName = "[No Variations]"
Add component (AddParameter): Name = "ComponentLink1URL"; Value = "#https://www.onsemi.com/#"; VariantName = "[No Variations]"
Add component (AddParameter): Name = "ComponentLink2Description"; Value = "Component Datasheet"; VariantName = "[No Variations]"
Add component (AddParameter): Name = "ComponentLink2URL"; Value = "https://www.onsemi.com/pub/Collateral/MC74VHC1GT126-D.PDF"; VariantName = "[No Variations]"
Add component (AddParameter): Name = "ComponentLink3Description"; Value = "Octopart Link"; VariantName = "[No Variations]"
Add component (AddParameter): Name = "ComponentLink3URL"; Value = "#https://octopart.com/m74vhc1gt125df2g-on+semiconductor-425358?r=sp#"; VariantName = "[No Variations]"
Add component (AddParameter): Name = "Description in Visual"; Value = "IC BUFFER NON-INVERT 5.5V SC88A"; VariantName = "[No Variations]"
Add component (AddParameter): Name = "Manufacturer"; Value = "On Semiconductor"; VariantName = "[No Variations]"
Add component (AddParameter): Name = "Manufacturer P/N"; Value = "M74VHC1GT126DF1G"; VariantName = "[No Variations]"
Add component (AddParameter): Name = "Number of Channels"; Value = "1"; VariantName = "[No Variations]"
Add component (AddParameter): Name = "Number of Gates"; Value = "1"; VariantName = "[No Variations]"
Add component (AddParameter): Name = "Number of Inputs"; Value = "1"; VariantName = "[No Variations]"
Add component (AddParameter): Name = "P/N"; Value = "M74VHC1GT126"; VariantName = "[No Variations]"
Add component (AddParameter): Name = "PCB Package"; Value = "SC-88A (SC-70-5/SOT-353)"; VariantName = "[No Variations]"
Add component (AddParameter): Name = "Supplier 1"; Value = "Digi-Key"; VariantName = "[No Variations]"
Add component (AddParameter): Name = "Supplier Part Number 1"; Value = "M74VHC1GT126DF1GOSCT-ND"; VariantName = "[No Variations]"
Add component (AddParameter): Name = "Temp Range"; Value = "-55°C ~ 125°C (TA)"; VariantName = "[No Variations]"
Add component (AddParameter): Name = "Type"; Value = "Buffer"; VariantName = "[No Variations]"
Add component (AddParameter): Name = "Vs (max) (V)"; Value = "5.5"; VariantName = "[No Variations]"
Add component (AddParameter): Name = "Vs (min) (V)"; Value = "3.3"; VariantName = "[No Variations]"
Added Component: Designator=U3(SOT353)
Add component (AddParameter): Name = "ComponentLink1Description"; Value = "Manufacturer Website"; VariantName = "[No Variations]"
Add component (AddParameter): Name = "ComponentLink1URL"; Value = "#https://www.onsemi.com/#"; VariantName = "[No Variations]"
Add component (AddParameter): Name = "ComponentLink2Description"; Value = "Component Datasheet"; VariantName = "[No Variations]"
Add component (AddParameter): Name = "ComponentLink2URL"; Value = "https://www.onsemi.com/pub/Collateral/MC74VHC1GT126-D.PDF"; VariantName = "[No Variations]"
Add component (AddParameter): Name = "ComponentLink3Description"; Value = "Octopart Link"; VariantName = "[No Variations]"
Add component (AddParameter): Name = "ComponentLink3URL"; Value = "#https://octopart.com/m74vhc1gt125df2g-on+semiconductor-425358?r=sp#"; VariantName = "[No Variations]"
Add component (AddParameter): Name = "Description in Visual"; Value = "IC BUFFER NON-INVERT 5.5V SC88A"; VariantName = "[No Variations]"
Add component (AddParameter): Name = "Manufacturer"; Value = "On Semiconductor"; VariantName = "[No Variations]"
Add component (AddParameter): Name = "Manufacturer P/N"; Value = "M74VHC1GT126DF1G"; VariantName = "[No Variations]"
Add component (AddParameter): Name = "Number of Channels"; Value = "1"; VariantName = "[No Variations]"
Add component (AddParameter): Name = "Number of Gates"; Value = "1"; VariantName = "[No Variations]"
Add component (AddParameter): Name = "Number of Inputs"; Value = "1"; VariantName = "[No Variations]"
Add component (AddParameter): Name = "P/N"; Value = "M74VHC1GT126"; VariantName = "[No Variations]"
Add component (AddParameter): Name = "PCB Package"; Value = "SC-88A (SC-70-5/SOT-353)"; VariantName = "[No Variations]"
Add component (AddParameter): Name = "Supplier 1"; Value = "Digi-Key"; VariantName = "[No Variations]"
Add component (AddParameter): Name = "Supplier Part Number 1"; Value = "M74VHC1GT126DF1GOSCT-ND"; VariantName = "[No Variations]"
Add component (AddParameter): Name = "Temp Range"; Value = "-55°C ~ 125°C (TA)"; VariantName = "[No Variations]"
Add component (AddParameter): Name = "Type"; Value = "Buffer"; VariantName = "[No Variations]"
Add component (AddParameter): Name = "Vs (max) (V)"; Value = "5.5"; VariantName = "[No Variations]"
Add component (AddParameter): Name = "Vs (min) (V)"; Value = "3.3"; VariantName = "[No Variations]"
Added Component: Designator=U4(SOT353)
Add component (AddParameter): Name = "ComponentLink1Description"; Value = "Manufacturer Website"; VariantName = "[No Variations]"
Add component (AddParameter): Name = "ComponentLink1URL"; Value = "#https://www.onsemi.com/#"; VariantName = "[No Variations]"
Add component (AddParameter): Name = "ComponentLink2Description"; Value = "Component Datasheet"; VariantName = "[No Variations]"
Add component (AddParameter): Name = "ComponentLink2URL"; Value = "https://www.onsemi.com/pub/Collateral/MC74VHC1GT126-D.PDF"; VariantName = "[No Variations]"
Add component (AddParameter): Name = "ComponentLink3Description"; Value = "Octopart Link"; VariantName = "[No Variations]"
Add component (AddParameter): Name = "ComponentLink3URL"; Value = "#https://octopart.com/m74vhc1gt125df2g-on+semiconductor-425358?r=sp#"; VariantName = "[No Variations]"
Add component (AddParameter): Name = "Description in Visual"; Value = "IC BUFFER NON-INVERT 5.5V SC88A"; VariantName = "[No Variations]"
Add component (AddParameter): Name = "Manufacturer"; Value = "On Semiconductor"; VariantName = "[No Variations]"
Add component (AddParameter): Name = "Manufacturer P/N"; Value = "M74VHC1GT126DF1G"; VariantName = "[No Variations]"
Add component (AddParameter): Name = "Number of Channels"; Value = "1"; VariantName = "[No Variations]"
Add component (AddParameter): Name = "Number of Gates"; Value = "1"; VariantName = "[No Variations]"
Add component (AddParameter): Name = "Number of Inputs"; Value = "1"; VariantName = "[No Variations]"
Add component (AddParameter): Name = "P/N"; Value = "M74VHC1GT126"; VariantName = "[No Variations]"
Add component (AddParameter): Name = "PCB Package"; Value = "SC-88A (SC-70-5/SOT-353)"; VariantName = "[No Variations]"
Add component (AddParameter): Name = "Supplier 1"; Value = "Digi-Key"; VariantName = "[No Variations]"
Add component (AddParameter): Name = "Supplier Part Number 1"; Value = "M74VHC1GT126DF1GOSCT-ND"; VariantName = "[No Variations]"
Add component (AddParameter): Name = "Temp Range"; Value = "-55°C ~ 125°C (TA)"; VariantName = "[No Variations]"
Add component (AddParameter): Name = "Type"; Value = "Buffer"; VariantName = "[No Variations]"
Add component (AddParameter): Name = "Vs (max) (V)"; Value = "5.5"; VariantName = "[No Variations]"
Add component (AddParameter): Name = "Vs (min) (V)"; Value = "3.3"; VariantName = "[No Variations]"
Added Pin To Net: NetName=GND Pin=C4-1
Added Pin To Net: NetName=FTDI_VCC Pin=C4-2
Added Pin To Net: NetName=GND Pin=C5-1
Added Pin To Net: NetName=VREF_TGT Pin=C5-2
Added Pin To Net: NetName=GND Pin=C6-1
Added Pin To Net: NetName=VREF_TGT Pin=C6-2
Added Pin To Net: NetName=NetD3_A Pin=D3-A
Added Pin To Net: NetName=NetD3_K Pin=D3-K
Added Pin To Net: NetName=VREF_TGT Pin=J2-3
Added Pin To Net: NetName=SWDIO/TMS Pin=J2-4
Added Pin To Net: NetName=GND Pin=J2-5
Added Pin To Net: NetName=SWDCLK/TCK Pin=J2-6
Added Pin To Net: NetName=GND Pin=J2-7
Added Pin To Net: NetName=SWO/TDO Pin=J2-8
Added Pin To Net: NetName=RTCK Pin=J2-9
Added Pin To Net: NetName=TDI Pin=J2-10
Added Pin To Net: NetName=CTX9 Pin=J2-11
Added Pin To Net: NetName=\RESET Pin=J2-12
Added Pin To Net: NetName=RxD Pin=J2-13
Added Pin To Net: NetName=TxD Pin=J2-14
Added Pin To Net: NetName=+5 Pin=J3-1
Added Pin To Net: NetName=+3.3 Pin=J3-2
Added Pin To Net: NetName=VREF_TGT Pin=J3-3
Added Pin To Net: NetName=FTDI_VCC Pin=J3-4
Added Pin To Net: NetName=GND Pin=J3-5
Added Pin To Net: NetName=GND Pin=J4-1
Added Pin To Net: NetName=GND Pin=J4-2
Added Pin To Net: NetName=FTDI_VCC Pin=J4-3
Added Pin To Net: NetName=FTDI_RXI Pin=J4-4
Added Pin To Net: NetName=FTDI_TXO Pin=J4-5
Added Pin To Net: NetName=\DTRRTS Pin=J4-6
Added Pin To Net: NetName=NetD3_A Pin=R6-1
Added Pin To Net: NetName=+3.3 Pin=R6-2
Added Pin To Net: NetName=GND Pin=R7-1
Added Pin To Net: NetName=FTDI_RESET Pin=R7-2
Added Pin To Net: NetName=GND Pin=R8-1
Added Pin To Net: NetName=FTDI_EN Pin=R8-2
Added Pin To Net: NetName=FTDI_EN Pin=R9-1
Added Pin To Net: NetName=NetQ1_5 Pin=R9-2
Added Pin To Net: NetName=GND Pin=R10-1
Added Pin To Net: NetName=NetQ1_5 Pin=R10-2
Added Pin To Net: NetName=FTDI_VCC Pin=SW2-1
Added Pin To Net: NetName=FTDI_VCC Pin=SW2-2
Added Pin To Net: NetName=FTDI_EN Pin=SW2-3
Added Pin To Net: NetName=FTDI_RESET Pin=SW2-4
Added Pin To Net: NetName=FTDI_EN Pin=U2-1
Added Pin To Net: NetName=RxD Pin=U2-2
Added Pin To Net: NetName=GND Pin=U2-3
Added Pin To Net: NetName=FTDI_TXO Pin=U2-4
Added Pin To Net: NetName=FTDI_VCC Pin=U2-5
Added Pin To Net: NetName=FTDI_EN Pin=U3-1
Added Pin To Net: NetName=FTDI_RXI Pin=U3-2
Added Pin To Net: NetName=GND Pin=U3-3
Added Pin To Net: NetName=TxD Pin=U3-4
Added Pin To Net: NetName=VREF_TGT Pin=U3-5
Added Pin To Net: NetName=FTDI_RESET Pin=U4-1
Added Pin To Net: NetName=\DTRRTS Pin=U4-2
Added Pin To Net: NetName=GND Pin=U4-3
Added Pin To Net: NetName=\RESET Pin=U4-4
Added Pin To Net: NetName=VREF_TGT Pin=U4-5
Added Member To Class: ClassName=FTDI_INT Member=Component C4 CAP 0603 0.01UF 16V 10% X7R
Added Member To Class: ClassName=FTDI_INT Member=Component C5 CAP 0603 0.01UF 16V 10% X7R
Added Member To Class: ClassName=FTDI_INT Member=Component C6 CAP 0603 0.01UF 16V 10% X7R
Added Member To Class: ClassName=FTDI_INT Member=Component D3 Amber LED
Added Member To Class: ClassName=J-Link to STDC14 Member=Component J2 STDC14 Debug Connector
Added Member To Class: ClassName=J-Link to STDC14 Member=Component J3 5 contacts Male header
Added Member To Class: ClassName=FTDI_INT Member=Component J4 FTDI_6_DEVICE
Added Member To Class: ClassName=FTDI_INT Member=Component R6 RES 0603 68 1%
Added Member To Class: ClassName=FTDI_INT Member=Component R7 RES 0603 10K 1%
Added Member To Class: ClassName=FTDI_INT Member=Component R8 RES 0603 10K 1%
Added Member To Class: ClassName=FTDI_INT Member=Component R9 RES 0603 1K 1%
Added Member To Class: ClassName=FTDI_INT Member=Component R10 RES 0603 10K 1%
Added Member To Class: ClassName=FTDI_INT Member=Component SW2 SWITCH SLIDE DIP SPST 100MA 6V
Added Member To Class: ClassName=FTDI_INT Member=Component U2 Buffer
Added Member To Class: ClassName=FTDI_INT Member=Component U3 Buffer
Added Member To Class: ClassName=FTDI_INT Member=Component U4 Buffer
Added Room: Name=FTDI_INT
