Change Component Footprint: Designator=U2 Old Footprint=FP-419A-02-MFG New Footprint=SOT353
Change Component Footprint: Designator=U3 Old Footprint=FP-419A-02-MFG New Footprint=SOT353
Change Component Footprint: Designator=U4 Old Footprint=FP-419A-02-MFG New Footprint=SOT353
Change Component Comment : Designator=U2 Old Comment=M74VHC1GT126DF1G New Comment=Buffer
Change Component Comment : Designator=U3 Old Comment=M74VHC1GT126DF1G New Comment=Buffer
Change Component Comment : Designator=U4 Old Comment=M74VHC1GT126DF1G New Comment=Buffer
Change Managed Component Library Link : Designator=U2 Old VaultGUID=B7D15EC3-160A-466F-A46C-7801FE6295A7 New VaultGUID= Old ItemGUID=C53C1901-1713-48C0-8792-913792E7F455 New ItemGUID= Old RevisionGUID=45F5B105-BFA4-41D9-8CB5-B08AB7AC399A New RevisionGUID=
Change Managed Component Library Link : Designator=U3 Old VaultGUID=B7D15EC3-160A-466F-A46C-7801FE6295A7 New VaultGUID= Old ItemGUID=C53C1901-1713-48C0-8792-913792E7F455 New ItemGUID= Old RevisionGUID=45F5B105-BFA4-41D9-8CB5-B08AB7AC399A New RevisionGUID=
Change Managed Component Library Link : Designator=U4 Old VaultGUID=B7D15EC3-160A-466F-A46C-7801FE6295A7 New VaultGUID= Old ItemGUID=C53C1901-1713-48C0-8792-913792E7F455 New ItemGUID= Old RevisionGUID=45F5B105-BFA4-41D9-8CB5-B08AB7AC399A New RevisionGUID=
Change component parameters: Designator = "U2" ("U2"); Footprint = "FP-419A-02-MFG"; UniqueID = "\OOUNWCUD\QXJVVFPV" ("\OOUNWCUD\QXJVVFPV")
Change component parameters (AddParameter): Name = "ComponentLink1Description"; Value = "Manufacturer Website"; VariantName = "[No Variations]"
Change component parameters (AddParameter): Name = "ComponentLink1URL"; Value = "#https://www.onsemi.com/#"; VariantName = "[No Variations]"
Change component parameters (AddParameter): Name = "ComponentLink2Description"; Value = "Component Datasheet"; VariantName = "[No Variations]"
Change component parameters (AddParameter): Name = "ComponentLink2URL"; Value = "https://www.onsemi.com/pub/Collateral/MC74VHC1GT126-D.PDF"; VariantName = "[No Variations]"
Change component parameters (AddParameter): Name = "ComponentLink3Description"; Value = "Octopart Link"; VariantName = "[No Variations]"
Change component parameters (AddParameter): Name = "ComponentLink3URL"; Value = "#https://octopart.com/m74vhc1gt125df2g-on+semiconductor-425358?r=sp#"; VariantName = "[No Variations]"
Change component parameters (AddParameter): Name = "Description in Visual"; Value = "IC BUFFER NON-INVERT 5.5V SC88A"; VariantName = "[No Variations]"
Change component parameters (AddParameter): Name = "Manufacturer"; Value = "On Semiconductor"; VariantName = "[No Variations]"
Change component parameters (AddParameter): Name = "Manufacturer P/N"; Value = "M74VHC1GT126DF1G"; VariantName = "[No Variations]"
Change component parameters (AddParameter): Name = "Number of Channels"; Value = "1"; VariantName = "[No Variations]"
Change component parameters (AddParameter): Name = "Number of Gates"; Value = "1"; VariantName = "[No Variations]"
Change component parameters (AddParameter): Name = "Number of Inputs"; Value = "1"; VariantName = "[No Variations]"
Change component parameters (AddParameter): Name = "P/N"; Value = "M74VHC1GT126"; VariantName = "[No Variations]"
Change component parameters (AddParameter): Name = "PCB Package"; Value = "SC-88A (SC-70-5/SOT-353)"; VariantName = "[No Variations]"
Change component parameters (AddParameter): Name = "Supplier 1"; Value = "Digi-Key"; VariantName = "[No Variations]"
Change component parameters (AddParameter): Name = "Supplier Part Number 1"; Value = "M74VHC1GT126DF1GOSCT-ND"; VariantName = "[No Variations]"
Change component parameters (AddParameter): Name = "Temp Range"; Value = "-55°C ~ 125°C (TA)"; VariantName = "[No Variations]"
Change component parameters (AddParameter): Name = "Type"; Value = "Buffer"; VariantName = "[No Variations]"
Change component parameters (AddParameter): Name = "Vs (max) (V)"; Value = "5.5"; VariantName = "[No Variations]"
Change component parameters (AddParameter): Name = "Vs (min) (V)"; Value = "3.3"; VariantName = "[No Variations]"
Change component parameters: Designator = "U3" ("U3"); Footprint = "FP-419A-02-MFG"; UniqueID = "\OOUNWCUD\AKXSIAXA" ("\OOUNWCUD\AKXSIAXA")
Change component parameters (AddParameter): Name = "ComponentLink1Description"; Value = "Manufacturer Website"; VariantName = "[No Variations]"
Change component parameters (AddParameter): Name = "ComponentLink1URL"; Value = "#https://www.onsemi.com/#"; VariantName = "[No Variations]"
Change component parameters (AddParameter): Name = "ComponentLink2Description"; Value = "Component Datasheet"; VariantName = "[No Variations]"
Change component parameters (AddParameter): Name = "ComponentLink2URL"; Value = "https://www.onsemi.com/pub/Collateral/MC74VHC1GT126-D.PDF"; VariantName = "[No Variations]"
Change component parameters (AddParameter): Name = "ComponentLink3Description"; Value = "Octopart Link"; VariantName = "[No Variations]"
Change component parameters (AddParameter): Name = "ComponentLink3URL"; Value = "#https://octopart.com/m74vhc1gt125df2g-on+semiconductor-425358?r=sp#"; VariantName = "[No Variations]"
Change component parameters (AddParameter): Name = "Description in Visual"; Value = "IC BUFFER NON-INVERT 5.5V SC88A"; VariantName = "[No Variations]"
Change component parameters (AddParameter): Name = "Manufacturer"; Value = "On Semiconductor"; VariantName = "[No Variations]"
Change component parameters (AddParameter): Name = "Manufacturer P/N"; Value = "M74VHC1GT126DF1G"; VariantName = "[No Variations]"
Change component parameters (AddParameter): Name = "Number of Channels"; Value = "1"; VariantName = "[No Variations]"
Change component parameters (AddParameter): Name = "Number of Gates"; Value = "1"; VariantName = "[No Variations]"
Change component parameters (AddParameter): Name = "Number of Inputs"; Value = "1"; VariantName = "[No Variations]"
Change component parameters (AddParameter): Name = "P/N"; Value = "M74VHC1GT126"; VariantName = "[No Variations]"
Change component parameters (AddParameter): Name = "PCB Package"; Value = "SC-88A (SC-70-5/SOT-353)"; VariantName = "[No Variations]"
Change component parameters (AddParameter): Name = "Supplier 1"; Value = "Digi-Key"; VariantName = "[No Variations]"
Change component parameters (AddParameter): Name = "Supplier Part Number 1"; Value = "M74VHC1GT126DF1GOSCT-ND"; VariantName = "[No Variations]"
Change component parameters (AddParameter): Name = "Temp Range"; Value = "-55°C ~ 125°C (TA)"; VariantName = "[No Variations]"
Change component parameters (AddParameter): Name = "Type"; Value = "Buffer"; VariantName = "[No Variations]"
Change component parameters (AddParameter): Name = "Vs (max) (V)"; Value = "5.5"; VariantName = "[No Variations]"
Change component parameters (AddParameter): Name = "Vs (min) (V)"; Value = "3.3"; VariantName = "[No Variations]"
Change component parameters: Designator = "U4" ("U4"); Footprint = "FP-419A-02-MFG"; UniqueID = "\OOUNWCUD\QWOHJRWP" ("\OOUNWCUD\QWOHJRWP")
Change component parameters (AddParameter): Name = "ComponentLink1Description"; Value = "Manufacturer Website"; VariantName = "[No Variations]"
Change component parameters (AddParameter): Name = "ComponentLink1URL"; Value = "#https://www.onsemi.com/#"; VariantName = "[No Variations]"
Change component parameters (AddParameter): Name = "ComponentLink2Description"; Value = "Component Datasheet"; VariantName = "[No Variations]"
Change component parameters (AddParameter): Name = "ComponentLink2URL"; Value = "https://www.onsemi.com/pub/Collateral/MC74VHC1GT126-D.PDF"; VariantName = "[No Variations]"
Change component parameters (AddParameter): Name = "ComponentLink3Description"; Value = "Octopart Link"; VariantName = "[No Variations]"
Change component parameters (AddParameter): Name = "ComponentLink3URL"; Value = "#https://octopart.com/m74vhc1gt125df2g-on+semiconductor-425358?r=sp#"; VariantName = "[No Variations]"
Change component parameters (AddParameter): Name = "Description in Visual"; Value = "IC BUFFER NON-INVERT 5.5V SC88A"; VariantName = "[No Variations]"
Change component parameters (AddParameter): Name = "Manufacturer"; Value = "On Semiconductor"; VariantName = "[No Variations]"
Change component parameters (AddParameter): Name = "Manufacturer P/N"; Value = "M74VHC1GT126DF1G"; VariantName = "[No Variations]"
Change component parameters (AddParameter): Name = "Number of Channels"; Value = "1"; VariantName = "[No Variations]"
Change component parameters (AddParameter): Name = "Number of Gates"; Value = "1"; VariantName = "[No Variations]"
Change component parameters (AddParameter): Name = "Number of Inputs"; Value = "1"; VariantName = "[No Variations]"
Change component parameters (AddParameter): Name = "P/N"; Value = "M74VHC1GT126"; VariantName = "[No Variations]"
Change component parameters (AddParameter): Name = "PCB Package"; Value = "SC-88A (SC-70-5/SOT-353)"; VariantName = "[No Variations]"
Change component parameters (AddParameter): Name = "Supplier 1"; Value = "Digi-Key"; VariantName = "[No Variations]"
Change component parameters (AddParameter): Name = "Supplier Part Number 1"; Value = "M74VHC1GT126DF1GOSCT-ND"; VariantName = "[No Variations]"
Change component parameters (AddParameter): Name = "Temp Range"; Value = "-55°C ~ 125°C (TA)"; VariantName = "[No Variations]"
Change component parameters (AddParameter): Name = "Type"; Value = "Buffer"; VariantName = "[No Variations]"
Change component parameters (AddParameter): Name = "Vs (max) (V)"; Value = "5.5"; VariantName = "[No Variations]"
Change component parameters (AddParameter): Name = "Vs (min) (V)"; Value = "3.3"; VariantName = "[No Variations]"
